<?xml version="1.0" encoding="UTF-8"?>
<!-- Generated by org.testng.reporters.JUnitReportReporter -->
<testsuite hostname="IND-CHN-LT11733" failures="0" tests="3" name="com.practice.Practice" time="5.609" errors="0" timestamp="2024-03-27T15:49:06 IST" skipped="0">
  <testcase classname="com.practice.Practice" name="getUsers" time="3.481"/>
  <system-out/>
  <testcase classname="com.practice.Practice" name="getList" time="1.129"/>
  <system-out/>
  <testcase classname="com.practice.Practice" name="xmlSchemaValidation" time="0.999"/>
  <system-out/>
</testsuite> <!-- com.practice.Practice -->
