<?xml version="1.0" encoding="UTF-8"?>
<!-- Generated by org.testng.reporters.JUnitReportReporter -->
<testsuite hostname="IND-CHN-LT11733" failures="0" tests="15" name="com.example.apitests.ReqResAPITests" time="13.752" errors="0" timestamp="2024-03-26T17:46:46 IST" skipped="0">
  <testcase classname="com.example.apitests.ReqResAPITests" name="testListUsers" time="3.788"/>
  <system-out>
    <![CDATA[List Users using GET is Working]]>
  </system-out>
  <testcase classname="com.example.apitests.ReqResAPITests" name="testSingleUser" time="0.580"/>
  <system-out>
    <![CDATA[List Single User using GET is Working]]>
  </system-out>
  <testcase classname="com.example.apitests.ReqResAPITests" name="testSingleUserNotFound" time="0.556"/>
  <system-out>
    <![CDATA[SIngle User not Found  using GET is Working]]>
  </system-out>
  <testcase classname="com.example.apitests.ReqResAPITests" name="testListResource" time="0.484"/>
  <system-out>
    <![CDATA[List Resource Using GET Method is Working]]>
  </system-out>
  <testcase classname="com.example.apitests.ReqResAPITests" name="testSingleResource" time="0.534"/>
  <system-out>
    <![CDATA[Single Resource Using GET Method is Working]]>
  </system-out>
  <testcase classname="com.example.apitests.ReqResAPITests" name="testSingleResourceNotFound" time="0.474"/>
  <system-out>
    <![CDATA[Single Resource Not Found Using GET Method is Working]]>
  </system-out>
  <testcase classname="com.example.apitests.ReqResAPITests" name="testCreateUser" time="0.788"/>
  <system-out>
    <![CDATA[Create User Using POST Method is Working]]>
  </system-out>
  <testcase classname="com.example.apitests.ReqResAPITests" name="testUpdateUser" time="0.492"/>
  <system-out>
    <![CDATA[Update User Using PUT Method is Working]]>
  </system-out>
  <testcase classname="com.example.apitests.ReqResAPITests" name="testPatchUpdateUser" time="0.532"/>
  <system-out>
    <![CDATA[Update User Using PATCH Method is Working]]>
  </system-out>
  <testcase classname="com.example.apitests.ReqResAPITests" name="testDeleteUser" time="0.559"/>
  <system-out>
    <![CDATA[Delete User Using DELETE Method is Working]]>
  </system-out>
  <testcase classname="com.example.apitests.ReqResAPITests" name="testRegisterSuccess" time="0.552"/>
  <system-out>
    <![CDATA[Success Register Using POST Method is Working]]>
  </system-out>
  <testcase classname="com.example.apitests.ReqResAPITests" name="testRegisterUnSuccess" time="0.609"/>
  <system-out>
    <![CDATA[UnSuccess Register Using POST Method is Working]]>
  </system-out>
  <testcase classname="com.example.apitests.ReqResAPITests" name="testLoginSuccess" time="0.558"/>
  <system-out>
    <![CDATA[Success Login Using POST Method is Working]]>
  </system-out>
  <testcase classname="com.example.apitests.ReqResAPITests" name="testLoginUnSuccess" time="0.784"/>
  <system-out>
    <![CDATA[UnSuccess Login Using POST Method is Working]]>
  </system-out>
  <testcase classname="com.example.apitests.ReqResAPITests" name="testDelayedResponse" time="2.462"/>
  <system-out>
    <![CDATA[Delayed Response using GET Method is Working]]>
  </system-out>
</testsuite> <!-- com.example.apitests.ReqResAPITests -->
